0 info it worked if it ends with ok
1 verbose cli [ '/usr/local/bin/node',
1 verbose cli   '/Users/matt/.node/bin/npm',
1 verbose cli   'run',
1 verbose cli   'dev' ]
2 info using npm@3.3.8
3 info using node@v4.2.1
4 verbose config Skipping project config: /Users/matt/.npmrc. (matches userconfig)
5 verbose stack Error: ENOENT: no such file or directory, open '/Users/matt/package.json'
5 verbose stack     at Error (native)
6 verbose cwd /Users/matt/develop/udemy/react_and_flux/auth_app
7 error Darwin 14.5.0
8 error argv "/usr/local/bin/node" "/Users/matt/.node/bin/npm" "run" "dev"
9 error node v4.2.1
10 error npm  v3.3.8
11 error path /Users/matt/package.json
12 error code ENOENT
13 error errno -2
14 error syscall open
15 error enoent ENOENT: no such file or directory, open '/Users/matt/package.json'
15 error enoent This is most likely not a problem with npm itself
15 error enoent and is related to npm not being able to find a file.
16 verbose exit [ -2, true ]
